Arguments: 
  /usr/bin/node /usr/share/yarn/bin/yarn.js add bootstrap-sprockets

PATH: 
  /home/matheus/.rvm/gems/ruby-2.5.3/bin:/home/matheus/.rvm/gems/ruby-2.5.3@global/bin:/home/matheus/.rvm/rubies/ruby-2.5.3/bin:/home/matheus/.rvm/bin:/usr/local/sbin:/usr/local/bin:/usr/sbin:/usr/bin:/sbin:/bin:/usr/games:/usr/local/games:/snap/bin

Yarn version: 
  1.12.3

Node version: 
  8.10.0

Platform: 
  linux x64

Trace: 
  Error: https://registry.yarnpkg.com/bootstrap-sprockets: Not found
      at Request.params.callback [as _callback] (/usr/share/yarn/lib/cli.js:65894:18)
      at Request.self.callback (/usr/share/yarn/lib/cli.js:129018:22)
      at emitTwo (events.js:126:13)
      at Request.emit (events.js:214:7)
      at Request.<anonymous> (/usr/share/yarn/lib/cli.js:129990:10)
      at emitOne (events.js:116:13)
      at Request.emit (events.js:211:7)
      at IncomingMessage.<anonymous> (/usr/share/yarn/lib/cli.js:129912:12)
      at Object.onceWrapper (events.js:313:30)
      at emitNone (events.js:111:20)

npm manifest: 
  {
    "name": "my_app",
    "private": true,
    "dependencies": {
      "bootstrap": "^4.2.1",
      "font-awesome": "^4.7.0",
      "jquery": "3.2.1",
      "jquery-fancybox": "^3.1.0"
    }
  }

yarn manifest: 
  No manifest

Lockfile: 
  # THIS IS AN AUTOGENERATED FILE. DO NOT EDIT THIS FILE DIRECTLY.
  # yarn lockfile v1
  
  
  bootstrap@^4.2.1:
    version "4.2.1"
    resolved "https://registry.yarnpkg.com/bootstrap/-/bootstrap-4.2.1.tgz#8f8bdca024dbf0e8644da32e918c8a03a90a5757"
    integrity sha512-tt/7vIv3Gm2mnd/WeDx36nfGGHleil0Wg8IeB7eMrVkY0fZ5iTaBisSh8oNANc2IBsCc6vCgCNTIM/IEN0+50Q==
  
  font-awesome@^4.7.0:
    version "4.7.0"
    resolved "https://registry.yarnpkg.com/font-awesome/-/font-awesome-4.7.0.tgz#8fa8cf0411a1a31afd07b06d2902bb9fc815a133"
    integrity sha1-j6jPBBGhoxr9B7BtKQK7n8gVoTM=
  
  jquery-fancybox@^3.1.0:
    version "3.1.0"
    resolved "https://registry.yarnpkg.com/jquery-fancybox/-/jquery-fancybox-3.1.0.tgz#7e438bcb58539bcd4a4262f8d87d6c448ea3cf68"
    integrity sha1-fkOLy1hTm81KQmL42H1sRI6jz2g=
  
  jquery@3.2.1:
    version "3.2.1"
    resolved "https://registry.yarnpkg.com/jquery/-/jquery-3.2.1.tgz#5c4d9de652af6cd0a770154a631bba12b015c787"
    integrity sha1-XE2d5lKvbNCncBVKYxu6ErAVx4c=
